SF:lib/base/bloc/app_bloc.dart
DA:5,0
DA:11,2
LF:2
LH:1
end_of_record
SF:lib/base/bloc/base_bloc.dart
DA:16,1
DA:25,1
DA:34,1
DA:35,1
DA:38,1
DA:39,2
DA:41,1
DA:43,1
DA:44,1
DA:46,0
DA:50,1
DA:51,3
DA:53,2
DA:56,1
DA:57,2
DA:60,1
DA:61,2
DA:64,1
DA:78,1
DA:81,0
DA:83,1
DA:86,1
DA:89,1
DA:91,0
DA:92,1
DA:94,0
DA:96,0
DA:97,0
DA:99,0
DA:100,0
DA:101,0
DA:105,0
DA:106,0
DA:107,0
DA:108,0
DA:120,0
DA:122,0
DA:125,0
DA:132,1
DA:134,0
DA:135,3
DA:138,1
DA:139,1
DA:140,2
DA:141,1
DA:147,0
DA:148,0
DA:152,0
DA:153,0
DA:154,0
LF:50
LH:28
end_of_record
SF:lib/base/mixin/event_transformer_mixin.dart
DA:5,0
DA:6,0
LF:2
LH:0
end_of_record
SF:lib/base/exception_handler/exception_handler.dart
DA:6,0
DA:11,0
DA:16,0
DA:18,0
DA:19,0
DA:20,0
DA:21,0
DA:22,0
DA:23,0
DA:26,0
DA:27,0
DA:31,0
DA:32,0
DA:33,0
DA:35,0
DA:36,0
DA:37,0
DA:42,0
DA:46,0
DA:47,0
DA:48,0
DA:49,0
DA:50,0
DA:52,0
DA:53,0
DA:58,0
DA:62,0
DA:65,0
DA:70,0
DA:72,0
DA:77,0
DA:81,0
LF:32
LH:0
end_of_record
SF:lib/base/exception_handler/exception_message_mapper.dart
DA:4,1
DA:6,0
DA:7,0
DA:8,0
DA:9,0
DA:10,0
DA:11,0
DA:12,0
DA:13,0
DA:14,0
DA:15,0
DA:16,0
DA:17,0
DA:18,0
DA:19,0
DA:20,0
DA:21,0
DA:23,0
DA:24,0
DA:25,0
DA:26,0
DA:27,0
DA:28,0
DA:29,0
DA:30,0
DA:31,0
DA:32,0
DA:33,0
DA:36,0
LF:29
LH:1
end_of_record
SF:lib/base/bloc/common/common_bloc.dart
DA:8,0
DA:9,0
DA:10,0
DA:13,0
DA:17,0
DA:18,0
DA:20,0
DA:22,0
DA:23,0
DA:25,0
DA:27,0
DA:32,0
DA:36,0
LF:13
LH:0
end_of_record
SF:lib/base/bloc/common/common_event.dart
DA:8,0
LF:1
LH:0
end_of_record
SF:lib/ui/weather/bloc/weather_bloc.dart
DA:10,1
DA:11,1
DA:12,2
DA:13,2
DA:14,2
DA:15,2
DA:16,2
DA:19,1
DA:23,1
DA:26,1
DA:30,1
DA:31,1
DA:32,3
DA:33,2
DA:34,3
DA:36,1
DA:37,3
DA:42,1
DA:46,1
DA:47,1
DA:48,2
DA:49,2
DA:50,3
DA:52,1
DA:53,3
DA:58,1
DA:63,1
DA:64,2
DA:68,1
DA:73,1
DA:74,1
DA:76,4
LF:32
LH:32
end_of_record
